2026-05-03 15:10:26,141 [INFO] Database ready at icama_registrations.db
2026-05-03 15:10:26,147 [INFO] CSV ready at icama_registrations.csv
2026-05-03 15:10:26,148 [INFO] Starting ICAMA registration scrape | max_pages=0 page_size=100
2026-05-03 15:10:26,149 [INFO] Fetching page 1/? ...
2026-05-03 15:10:28,271 [INFO] Total pages detected: 54710 (≈5471000 records)
2026-05-03 15:10:28,663 [INFO] Page 1 | +100 rows | total so far: 100
2026-05-03 15:10:29,147 [INFO] Fetching page 2/54710 ...
2026-05-03 15:10:30,294 [INFO] Page 2 | +100 rows | total so far: 200
2026-05-03 15:10:30,979 [INFO] Fetching page 3/54710 ...
2026-05-03 15:10:33,476 [INFO] Page 3 | +100 rows | total so far: 300
2026-05-03 15:10:33,922 [INFO] Fetching page 4/54710 ...
2026-05-03 15:10:35,478 [INFO] Page 4 | +100 rows | total so far: 400
2026-05-03 15:10:35,806 [INFO] Fetching page 5/54710 ...
2026-05-03 15:10:37,478 [INFO] Page 5 | +100 rows | total so far: 500
2026-05-03 15:10:37,914 [INFO] Fetching page 6/54710 ...
2026-05-03 15:11:07,928 [WARNING] Request failed on page 6: HTTPSConnectionPool(host='www.icama.cn', port=443): Read timed out. (read timeout=30) — retrying in 5s
2026-05-03 15:11:14,851 [INFO] Page 6 | +100 rows | total so far: 600
2026-05-03 15:11:15,194 [INFO] Fetching page 7/54710 ...
2026-05-03 15:11:16,385 [INFO] Page 7 | +100 rows | total so far: 700
2026-05-03 15:11:17,161 [INFO] Fetching page 8/54710 ...
2026-05-03 15:11:18,486 [INFO] Page 8 | +100 rows | total so far: 800
2026-05-03 15:11:18,992 [INFO] Fetching page 9/54710 ...
2026-05-03 15:11:20,165 [INFO] Page 9 | +100 rows | total so far: 900
2026-05-03 15:11:20,755 [INFO] Fetching page 10/54710 ...
2026-05-03 15:11:21,873 [INFO] Page 10 | +100 rows | total so far: 1000
2026-05-03 15:11:22,389 [INFO] Fetching page 11/54710 ...
2026-05-03 15:11:23,832 [INFO] Page 11 | +100 rows | total so far: 1100
2026-05-03 15:11:24,628 [INFO] Fetching page 12/54710 ...
2026-05-03 15:11:25,931 [INFO] Page 12 | +100 rows | total so far: 1200
2026-05-03 15:11:26,302 [INFO] Fetching page 13/54710 ...
2026-05-03 15:11:27,404 [INFO] Page 13 | +100 rows | total so far: 1300
2026-05-03 15:11:28,111 [INFO] Fetching page 14/54710 ...
2026-05-03 15:11:29,610 [INFO] Page 14 | +100 rows | total so far: 1400
2026-05-03 15:11:30,032 [INFO] Fetching page 15/54710 ...
2026-05-03 15:11:31,258 [INFO] Page 15 | +100 rows | total so far: 1500
2026-05-03 15:11:31,827 [INFO] Fetching page 16/54710 ...
2026-05-03 15:11:32,971 [INFO] Page 16 | +100 rows | total so far: 1600
2026-05-03 15:11:33,681 [INFO] Fetching page 17/54710 ...
2026-05-03 15:11:35,128 [INFO] Page 17 | +100 rows | total so far: 1700
2026-05-03 15:11:35,731 [INFO] Fetching page 18/54710 ...
2026-05-03 15:11:36,974 [INFO] Page 18 | +100 rows | total so far: 1800
2026-05-03 15:11:37,726 [INFO] Fetching page 19/54710 ...
2026-05-03 15:11:39,172 [INFO] Page 19 | +100 rows | total so far: 1900
2026-05-03 15:11:39,771 [INFO] Fetching page 20/54710 ...
2026-05-03 15:11:41,047 [INFO] Page 20 | +100 rows | total so far: 2000
2026-05-03 15:11:41,555 [INFO] Fetching page 21/54710 ...
2026-05-03 15:11:42,706 [INFO] Page 21 | +100 rows | total so far: 2100
2026-05-03 15:11:43,319 [INFO] Fetching page 22/54710 ...
2026-05-03 15:11:44,722 [INFO] Page 22 | +100 rows | total so far: 2200
2026-05-03 15:11:45,031 [INFO] Fetching page 23/54710 ...
2026-05-03 15:11:46,133 [INFO] Page 23 | +100 rows | total so far: 2300
2026-05-03 15:11:46,686 [INFO] Fetching page 24/54710 ...
2026-05-03 15:11:47,813 [INFO] Page 24 | +100 rows | total so far: 2400
2026-05-03 15:11:48,597 [INFO] Fetching page 25/54710 ...
2026-05-03 15:11:50,036 [INFO] Page 25 | +100 rows | total so far: 2500
2026-05-03 15:11:50,473 [INFO] Fetching page 26/54710 ...
2026-05-03 15:11:51,708 [INFO] Page 26 | +100 rows | total so far: 2600
2026-05-03 15:11:52,130 [INFO] Fetching page 27/54710 ...
2026-05-03 15:11:53,331 [INFO] Page 27 | +100 rows | total so far: 2700
2026-05-03 15:11:54,006 [INFO] Fetching page 28/54710 ...
2026-05-03 15:11:55,453 [INFO] Page 28 | +100 rows | total so far: 2800
2026-05-03 15:11:55,941 [INFO] Fetching page 29/54710 ...
2026-05-03 15:11:57,205 [INFO] Page 29 | +100 rows | total so far: 2900
2026-05-03 15:11:57,779 [INFO] Fetching page 30/54710 ...
2026-05-03 15:11:59,436 [INFO] Page 30 | +100 rows | total so far: 3000
2026-05-03 15:12:00,133 [INFO] Fetching page 31/54710 ...
2026-05-03 15:12:02,212 [INFO] Page 31 | +100 rows | total so far: 3100
2026-05-03 15:12:02,940 [INFO] Fetching page 32/54710 ...
2026-05-03 15:12:04,174 [INFO] Page 32 | +100 rows | total so far: 3200
2026-05-03 15:12:04,770 [INFO] Fetching page 33/54710 ...
2026-05-03 15:12:06,269 [INFO] Page 33 | +100 rows | total so far: 3300
2026-05-03 15:12:06,953 [INFO] Fetching page 34/54710 ...
2026-05-03 15:12:08,187 [INFO] Page 34 | +100 rows | total so far: 3400
2026-05-03 15:12:08,577 [INFO] Fetching page 35/54710 ...
2026-05-03 15:12:10,080 [INFO] Page 35 | +100 rows | total so far: 3500
2026-05-03 15:12:10,499 [INFO] Fetching page 36/54710 ...
2026-05-03 15:12:11,670 [INFO] Page 36 | +100 rows | total so far: 3600
2026-05-03 15:12:12,381 [INFO] Fetching page 37/54710 ...
2026-05-03 15:12:13,633 [INFO] Page 37 | +100 rows | total so far: 3700
2026-05-03 15:12:14,317 [INFO] Fetching page 38/54710 ...
2026-05-03 15:12:15,807 [INFO] Page 38 | +100 rows | total so far: 3800
2026-05-03 15:12:16,410 [INFO] Fetching page 39/54710 ...
2026-05-03 15:12:17,578 [INFO] Page 39 | +100 rows | total so far: 3900
2026-05-03 15:12:18,126 [INFO] Fetching page 40/54710 ...
2026-05-03 15:12:19,343 [INFO] Page 40 | +100 rows | total so far: 4000
2026-05-03 15:12:19,801 [INFO] Fetching page 41/54710 ...
2026-05-03 15:12:21,255 [INFO] Page 41 | +100 rows | total so far: 4100
2026-05-03 15:12:21,825 [INFO] Fetching page 42/54710 ...
2026-05-03 15:12:23,125 [INFO] Page 42 | +100 rows | total so far: 4200
2026-05-03 15:12:23,754 [INFO] Fetching page 43/54710 ...
2026-05-03 15:12:24,956 [INFO] Page 43 | +100 rows | total so far: 4300
2026-05-03 15:12:25,620 [INFO] Fetching page 44/54710 ...
2026-05-03 15:12:27,266 [INFO] Page 44 | +100 rows | total so far: 4400
2026-05-03 15:12:27,696 [INFO] Fetching page 45/54710 ...
2026-05-03 15:12:28,902 [INFO] Page 45 | +100 rows | total so far: 4500
2026-05-03 15:12:29,700 [INFO] Fetching page 46/54710 ...
2026-05-03 15:12:31,249 [INFO] Page 46 | +100 rows | total so far: 4600
2026-05-03 15:12:31,713 [INFO] Fetching page 47/54710 ...
2026-05-03 15:12:32,898 [INFO] Page 47 | +100 rows | total so far: 4700
2026-05-03 15:12:33,430 [INFO] Fetching page 48/54710 ...
2026-05-03 15:12:34,164 [INFO] No rows found on page 48 — assuming end of results
2026-05-03 15:12:34,164 [INFO] ==================================================
2026-05-03 15:12:34,164 [INFO] DONE | Total records saved: 4700
2026-05-03 15:12:34,164 [INFO] CSV  → D:\Umakant\ITR 2024\Deepika\UW Terms -\2A Term\china_scraper-\icama_registrations.csv
2026-05-03 15:12:34,164 [INFO] DB   → D:\Umakant\ITR 2024\Deepika\UW Terms -\2A Term\china_scraper-\icama_registrations.db
2026-05-03 15:12:34,164 [INFO] ==================================================
